#
# There is insufficient memory for the Java Runtime Environment to continue.
# Native memory allocation (malloc) failed to allocate 163520 bytes for Chunk::new
# Possible reasons:
#   The system is out of physical RAM or swap space
#   The process is running with CompressedOops enabled, and the Java Heap may be blocking the growth of the native heap
# Possible solutions:
#   Reduce memory load on the system
#   Increase physical memory or swap space
#   Check if swap backing store is full
#   Decrease Java heap size (-Xmx/-Xms)
#   Decrease number of Java threads
#   Decrease Java thread stack sizes (-Xss)
#   Set larger code cache with -XX:ReservedCodeCacheSize=
#   JVM is running with Unscaled Compressed Oops mode in which the Java heap is
#     placed in the first 4GB address space. The Java Heap base address is the
#     maximum limit for the native heap growth. Please use -XX:HeapBaseMinAddress
#     to set the Java Heap base and to place the Java Heap above 4GB virtual address.
# This output file may be truncated or incomplete.
#
#  Out of Memory Error (arena.cpp:195), pid=23408, tid=23692
#
# JRE version: Java(TM) SE Runtime Environment (16.0+36) (build 16+36-2231)
# Java VM: Java HotSpot(TM) 64-Bit Server VM (16+36-2231, mixed mode, tiered, compressed oops, g1 gc, windows-amd64)
# No core dump will be written. Minidumps are not enabled by default on client versions of Windows
#

---------------  S U M M A R Y ------------

Command Line: -Dfile.encoding=UTF-8 --module-path=C:\Users\Raushan\OneDrive - Graphic Era University\Documents\NetBeansProjects\Hotel Management System\build\classes hotel.management.system.AddRooms

Host: Intel(R) Core(TM) i5-8250U CPU @ 1.60GHz, 8 cores, 7G,  Windows 10 , 64 bit Build 19041 (10.0.19041.1023)
Time: Sun Jun 20 23:44:00 2021 India Standard Time elapsed time: 0.152562 seconds (0d 0h 0m 0s)

---------------  T H R E A D  ---------------

Current thread (0x00000166c7954540):  JavaThread "C2 CompilerThread0" daemon [_thread_in_native, id=23692, stack(0x00000050bc500000,0x00000050bc600000)]


Current CompileTask:
C2:    152  168       4       java.util.HashMap::putVal (300 bytes)

Stack: [0x00000050bc500000,0x00000050bc600000]
Native frames: (J=compiled Java code, j=interpreted, Vv=VM code, C=native code)
V  [jvm.dll+0x6681da]
V  [jvm.dll+0x7c9d99]
V  [jvm.dll+0x7cb4d3]
V  [jvm.dll+0x7cbb33]
V  [jvm.dll+0x242ee5]
V  [jvm.dll+0xadeca]
V  [jvm.dll+0xae5ac]
V  [jvm.dll+0x35a947]
V  [jvm.dll+0x324df1]
V  [jvm.dll+0x32429a]
V  [jvm.dll+0x215f2c]
V  [jvm.dll+0x215340]
V  [jvm.dll+0x1a1d8b]
V  [jvm.dll+0x225398]
V  [jvm.dll+0x2233dc]
V  [jvm.dll+0x77f9e2]
V  [jvm.dll+0x77952a]
V  [jvm.dll+0x667076]
C  [ucrtbase.dll+0x21bb2]
C  [KERNEL32.DLL+0x17034]
C  [ntdll.dll+0x52651]


---------------  P R O C E S S  ---------------

Threads class SMR info:
_java_thread_list=0x00000166c8637610, length=13, elements={
0x00000166a98d83f0, 0x00000166c791e250, 0x00000166c791f8b0, 0x00000166c794d280,
0x00000166c7950bb0, 0x00000166c79525c0, 0x00000166c7953760, 0x00000166c7954540,
0x00000166c79597e0, 0x00000166c795c230, 0x00000166c788b2b0, 0x00000166c85aa010,
0x00000166c867d0a0
}

Java Threads: ( => current thread )
  0x00000166a98d83f0 JavaThread "main" [_thread_in_vm, id=24412, stack(0x00000050bb800000,0x00000050bb900000)]
  0x00000166c791e250 JavaThread "Reference Handler" daemon [_thread_blocked, id=21056, stack(0x00000050bbf00000,0x00000050bc000000)]
  0x00000166c791f8b0 JavaThread "Finalizer" daemon [_thread_blocked, id=23156, stack(0x00000050bc000000,0x00000050bc100000)]
  0x00000166c794d280 JavaThread "Signal Dispatcher" daemon [_thread_blocked, id=22780, stack(0x00000050bc100000,0x00000050bc200000)]
  0x00000166c7950bb0 JavaThread "Attach Listener" daemon [_thread_blocked, id=22092, stack(0x00000050bc200000,0x00000050bc300000)]
  0x00000166c79525c0 JavaThread "Service Thread" daemon [_thread_blocked, id=24076, stack(0x00000050bc300000,0x00000050bc400000)]
  0x00000166c7953760 JavaThread "Monitor Deflation Thread" daemon [_thread_blocked, id=924, stack(0x00000050bc400000,0x00000050bc500000)]
=>0x00000166c7954540 JavaThread "C2 CompilerThread0" daemon [_thread_in_native, id=23692, stack(0x00000050bc500000,0x00000050bc600000)]
  0x00000166c79597e0 JavaThread "C1 CompilerThread0" daemon [_thread_blocked, id=24088, stack(0x00000050bc600000,0x00000050bc700000)]
  0x00000166c795c230 JavaThread "Sweeper thread" daemon [_thread_blocked, id=24092, stack(0x00000050bc700000,0x00000050bc800000)]
  0x00000166c788b2b0 JavaThread "Common-Cleaner" daemon [_thread_blocked, id=21336, stack(0x00000050bc800000,0x00000050bc900000)]
  0x00000166c85aa010 JavaThread "C2 CompilerThread1" daemon [_thread_blocked, id=19336, stack(0x00000050bc900000,0x00000050bca00000)]
  0x00000166c867d0a0 JavaThread "Notification Thread" daemon [_thread_blocked, id=24372, stack(0x00000050bca00000,0x00000050bcb00000)]

Other Threads:
  0x00000166c7908c70 VMThread "VM Thread" [stack: 0x00000050bbe00000,0x00000050bbf00000] [id=23656]
  0x00000166a98d93f0 WatcherThread [stack: 0x00000050bcb00000,0x00000050bcc00000] [id=1244]
  0x00000166a99180a0 GCTaskThread "GC Thread#0" [stack: 0x00000050bb900000,0x00000050bba00000] [id=24416]
  0x00000166a9929f30 ConcurrentGCThread "G1 Main Marker" [stack: 0x00000050bba00000,0x00000050bbb00000] [id=23576]
  0x00000166a992aa20 ConcurrentGCThread "G1 Conc#0" [stack: 0x00000050bbb00000,0x00000050bbc00000] [id=24100]
  0x00000166a99b6450 ConcurrentGCThread "G1 Refine#0" [stack: 0x00000050bbc00000,0x00000050bbd00000] [id=23580]
  0x00000166a99b6f50 ConcurrentGCThread "G1 Service" [stack: 0x00000050bbd00000,0x00000050bbe00000] [id=24104]

Threads with active compile tasks:
C2 CompilerThread0      173  168       4       java.util.HashMap::putVal (300 bytes)

VM state: not at safepoint (normal execution)

VM Mutex/Monitor currently owned by a thread: None

Heap address: 0x0000000081600000, size: 2026 MB, Compressed Oops mode: 32-bit
CDS disabled.
Compressed class space mapped at: 0x0000000100000000-0x0000000140000000, reserved size: 1073741824
Narrow klass base: 0x0000000000000000, Narrow klass shift: 3, Narrow klass range: 0x140000000

GC Precious Log:
 CPUs: 8 total, 8 available
 Memory: 8100M
 Large Page Support: Disabled
 NUMA Support: Disabled
 Compressed Oops: Enabled (32-bit)
 Heap Region Size: 1M
 Heap Min Capacity: 8M
 Heap Initial Capacity: 128M
 Heap Max Capacity: 2026M
 Pre-touch: Disabled
 Parallel Workers: 8
 Concurrent Workers: 2
 Concurrent Refinement Workers: 8
 Periodic GC: Disabled

Heap:
 garbage-first heap   total 131072K, used 2048K [0x0000000081600000, 0x0000000100000000)
  region size 1024K, 3 young (3072K), 0 survivors (0K)
 Metaspace       used 7125K, committed 7232K, reserved 1056768K
  class space    used 622K, committed 704K, reserved 1048576K

Heap Regions: E=young(eden), S=young(survivor), O=old, HS=humongous(starts), HC=humongous(continues), CS=collection set, F=free, OA=open archive, CA=closed archive, TAMS=top-at-mark-start (previous, next)
|   0|0x0000000081600000, 0x0000000081600000, 0x0000000081700000|  0%| F|  |TAMS 0x0000000081600000, 0x0000000081600000| Untracked 
|   1|0x0000000081700000, 0x0000000081700000, 0x0000000081800000|  0%| F|  |TAMS 0x0000000081700000, 0x0000000081700000| Untracked 
|   2|0x0000000081800000, 0x0000000081800000, 0x0000000081900000|  0%| F|  |TAMS 0x0000000081800000, 0x0000000081800000| Untracked 
|   3|0x0000000081900000, 0x0000000081900000, 0x0000000081a00000|  0%| F|  |TAMS 0x0000000081900000, 0x0000000081900000| Untracked 
|   4|0x0000000081a00000, 0x0000000081a00000, 0x0000000081b00000|  0%| F|  |TAMS 0x0000000081a00000, 0x0000000081a00000| Untracked 
|   5|0x0000000081b00000, 0x0000000081b00000, 0x0000000081c00000|  0%| F|  |TAMS 0x0000000081b00000, 0x0000000081b00000| Untracked 
|   6|0x0000000081c00000, 0x0000000081c00000, 0x0000000081d00000|  0%| F|  |TAMS 0x0000000081c00000, 0x0000000081c00000| Untracked 
|   7|0x0000000081d00000, 0x0000000081d00000, 0x0000000081e00000|  0%| F|  |TAMS 0x0000000081d00000, 0x0000000081d00000| Untracked 
|   8|0x0000000081e00000, 0x0000000081e00000, 0x0000000081f00000|  0%| F|  |TAMS 0x0000000081e00000, 0x0000000081e00000| Untracked 
|   9|0x0000000081f00000, 0x0000000081f00000, 0x0000000082000000|  0%| F|  |TAMS 0x0000000081f00000, 0x0000000081f00000| Untracked 
|  10|0x0000000082000000, 0x0000000082000000, 0x0000000082100000|  0%| F|  |TAMS 0x0000000082000000, 0x0000000082000000| Untracked 
|  11|0x0000000082100000, 0x0000000082100000, 0x0000000082200000|  0%| F|  |TAMS 0x0000000082100000, 0x0000000082100000| Untracked 
|  12|0x0000000082200000, 0x0000000082200000, 0x0000000082300000|  0%| F|  |TAMS 0x0000000082200000, 0x0000000082200000| Untracked 
|  13|0x0000000082300000, 0x0000000082300000, 0x0000000082400000|  0%| F|  |TAMS 0x0000000082300000, 0x0000000082300000| Untracked 
|  14|0x0000000082400000, 0x0000000082400000, 0x0000000082500000|  0%| F|  |TAMS 0x0000000082400000, 0x0000000082400000| Untracked 
|  15|0x0000000082500000, 0x0000000082500000, 0x0000000082600000|  0%| F|  |TAMS 0x0000000082500000, 0x0000000082500000| Untracked 
|  16|0x0000000082600000, 0x0000000082600000, 0x0000000082700000|  0%| F|  |TAMS 0x0000000082600000, 0x0000000082600000| Untracked 
|  17|0x0000000082700000, 0x0000000082700000, 0x0000000082800000|  0%| F|  |TAMS 0x0000000082700000, 0x0000000082700000| Untracked 
|  18|0x0000000082800000, 0x0000000082800000, 0x0000000082900000|  0%| F|  |TAMS 0x0000000082800000, 0x0000000082800000| Untracked 
|  19|0x0000000082900000, 0x0000000082900000, 0x0000000082a00000|  0%| F|  |TAMS 0x0000000082900000, 0x0000000082900000| Untracked 
|  20|0x0000000082a00000, 0x0000000082a00000, 0x0000000082b00000|  0%| F|  |TAMS 0x0000000082a00000, 0x0000000082a00000| Untracked 
|  21|0x0000000082b00000, 0x0000000082b00000, 0x0000000082c00000|  0%| F|  |TAMS 0x0000000082b00000, 0x0000000082b00000| Untracked 
|  22|0x0000000082c00000, 0x0000000082c00000, 0x0000000082d00000|  0%| F|  |TAMS 0x0000000082c00000, 0x0000000082c00000| Untracked 
|  23|0x0000000082d00000, 0x0000000082d00000, 0x0000000082e00000|  0%| F|  |TAMS 0x0000000082d00000, 0x0000000082d00000| Untracked 
|  24|0x0000000082e00000, 0x0000000082e00000, 0x0000000082f00000|  0%| F|  |TAMS 0x0000000082e00000, 0x0000000082e00000| Untracked 
|  25|0x0000000082f00000, 0x0000000082f00000, 0x0000000083000000|  0%| F|  |TAMS 0x0000000082f00000, 0x0000000082f00000| Untracked 
|  26|0x0000000083000000, 0x0000000083000000, 0x0000000083100000|  0%| F|  |TAMS 0x0000000083000000, 0x0000000083000000| Untracked 
|  27|0x0000000083100000, 0x0000000083100000, 0x0000000083200000|  0%| F|  |TAMS 0x0000000083100000, 0x0000000083100000| Untracked 
|  28|0x0000000083200000, 0x0000000083200000, 0x0000000083300000|  0%| F|  |TAMS 0x0000000083200000, 0x0000000083200000| Untracked 
|  29|0x0000000083300000, 0x0000000083300000, 0x0000000083400000|  0%| F|  |TAMS 0x0000000083300000, 0x0000000083300000| Untracked 
|  30|0x0000000083400000, 0x0000000083400000, 0x0000000083500000|  0%| F|  |TAMS 0x0000000083400000, 0x0000000083400000| Untracked 
|  31|0x0000000083500000, 0x0000000083500000, 0x0000000083600000|  0%| F|  |TAMS 0x0000000083500000, 0x0000000083500000| Untracked 
|  32|0x0000000083600000, 0x0000000083600000, 0x0000000083700000|  0%| F|  |TAMS 0x0000000083600000, 0x0000000083600000| Untracked 
|  33|0x0000000083700000, 0x0000000083700000, 0x0000000083800000|  0%| F|  |TAMS 0x0000000083700000, 0x0000000083700000| Untracked 
|  34|0x0000000083800000, 0x0000000083800000, 0x0000000083900000|  0%| F|  |TAMS 0x0000000083800000, 0x0000000083800000| Untracked 
|  35|0x0000000083900000, 0x0000000083900000, 0x0000000083a00000|  0%| F|  |TAMS 0x0000000083900000, 0x0000000083900000| Untracked 
|  36|0x0000000083a00000, 0x0000000083a00000, 0x0000000083b00000|  0%| F|  |TAMS 0x0000000083a00000, 0x0000000083a00000| Untracked 
|  37|0x0000000083b00000, 0x0000000083b00000, 0x0000000083c00000|  0%| F|  |TAMS 0x0000000083b00000, 0x0000000083b00000| Untracked 
|  38|0x0000000083c00000, 0x0000000083c00000, 0x0000000083d00000|  0%| F|  |TAMS 0x0000000083c00000, 0x0000000083c00000| Untracked 
|  39|0x0000000083d00000, 0x0000000083d00000, 0x0000000083e00000|  0%| F|  |TAMS 0x0000000083d00000, 0x0000000083d00000| Untracked 
|  40|0x0000000083e00000, 0x0000000083e00000, 0x0000000083f00000|  0%| F|  |TAMS 0x0000000083e00000, 0x0000000083e00000| Untracked 
|  41|0x0000000083f00000, 0x0000000083f00000, 0x0000000084000000|  0%| F|  |TAMS 0x0000000083f00000, 0x0000000083f00000| Untracked 
|  42|0x0000000084000000, 0x0000000084000000, 0x0000000084100000|  0%| F|  |TAMS 0x0000000084000000, 0x0000000084000000| Untracked 
|  43|0x0000000084100000, 0x0000000084100000, 0x0000000084200000|  0%| F|  |TAMS 0x0000000084100000, 0x0000000084100000| Untracked 
|  44|0x0000000084200000, 0x0000000084200000, 0x0000000084300000|  0%| F|  |TAMS 0x0000000084200000, 0x0000000084200000| Untracked 
|  45|0x0000000084300000, 0x0000000084300000, 0x0000000084400000|  0%| F|  |TAMS 0x0000000084300000, 0x0000000084300000| Untracked 
|  46|0x0000000084400000, 0x0000000084400000, 0x0000000084500000|  0%| F|  |TAMS 0x0000000084400000, 0x0000000084400000| Untracked 
|  47|0x0000000084500000, 0x0000000084500000, 0x0000000084600000|  0%| F|  |TAMS 0x0000000084500000, 0x0000000084500000| Untracked 
|  48|0x0000000084600000, 0x0000000084600000, 0x0000000084700000|  0%| F|  |TAMS 0x0000000084600000, 0x0000000084600000| Untracked 
|  49|0x0000000084700000, 0x0000000084700000, 0x0000000084800000|  0%| F|  |TAMS 0x0000000084700000, 0x0000000084700000| Untracked 
|  50|0x0000000084800000, 0x0000000084800000, 0x0000000084900000|  0%| F|  |TAMS 0x0000000084800000, 0x0000000084800000| Untracked 
|  51|0x0000000084900000, 0x0000000084900000, 0x0000000084a00000|  0%| F|  |TAMS 0x0000000084900000, 0x0000000084900000| Untracked 
|  52|0x0000000084a00000, 0x0000000084a00000, 0x0000000084b00000|  0%| F|  |TAMS 0x0000000084a00000, 0x0000000084a00000| Untracked 
|  53|0x0000000084b00000, 0x0000000084b00000, 0x0000000084c00000|  0%| F|  |TAMS 0x0000000084b00000, 0x0000000084b00000| Untracked 
|  54|0x0000000084c00000, 0x0000000084c00000, 0x0000000084d00000|  0%| F|  |TAMS 0x0000000084c00000, 0x0000000084c00000| Untracked 
|  55|0x0000000084d00000, 0x0000000084d00000, 0x0000000084e00000|  0%| F|  |TAMS 0x0000000084d00000, 0x0000000084d00000| Untracked 
|  56|0x0000000084e00000, 0x0000000084e00000, 0x0000000084f00000|  0%| F|  |TAMS 0x0000000084e00000, 0x0000000084e00000| Untracked 
|  57|0x0000000084f00000, 0x0000000084f00000, 0x0000000085000000|  0%| F|  |TAMS 0x0000000084f00000, 0x0000000084f00000| Untracked 
|  58|0x0000000085000000, 0x0000000085000000, 0x0000000085100000|  0%| F|  |TAMS 0x0000000085000000, 0x0000000085000000| Untracked 
|  59|0x0000000085100000, 0x0000000085100000, 0x0000000085200000|  0%| F|  |TAMS 0x0000000085100000, 0x0000000085100000| Untracked 
|  60|0x0000000085200000, 0x0000000085200000, 0x0000000085300000|  0%| F|  |TAMS 0x0000000085200000, 0x0000000085200000| Untracked 
|  61|0x0000000085300000, 0x0000000085300000, 0x0000000085400000|  0%| F|  |TAMS 0x0000000085300000, 0x0000000085300000| Untracked 
|  62|0x0000000085400000, 0x0000000085400000, 0x0000000085500000|  0%| F|  |TAMS 0x0000000085400000, 0x0000000085400000| Untracked 
|  63|0x0000000085500000, 0x0000000085500000, 0x0000000085600000|  0%| F|  |TAMS 0x0000000085500000, 0x0000000085500000| Untracked 
|  64|0x0000000085600000, 0x0000000085600000, 0x0000000085700000|  0%| F|  |TAMS 0x0000000085600000, 0x0000000085600000| Untracked 
|  65|0x0000000085700000, 0x0000000085700000, 0x0000000085800000|  0%| F|  |TAMS 0x0000000085700000, 0x0000000085700000| Untracked 
|  66|0x0000000085800000, 0x0000000085800000, 0x0000000085900000|  0%| F|  |TAMS 0x0000000085800000, 0x0000000085800000| Untracked 
|  67|0x0000000085900000, 0x0000000085900000, 0x0000000085a00000|  0%| F|  |TAMS 0x0000000085900000, 0x0000000085900000| Untracked 
|  68|0x0000000085a00000, 0x0000000085a00000, 0x0000000085b00000|  0%| F|  |TAMS 0x0000000085a00000, 0x0000000085a00000| Untracked 
|  69|0x0000000085b00000, 0x0000000085b00000, 0x0000000085c00000|  0%| F|  |TAMS 0x0000000085b00000, 0x0000000085b00000| Untracked 
|  70|0x0000000085c00000, 0x0000000085c00000, 0x0000000085d00000|  0%| F|  |TAMS 0x0000000085c00000, 0x0000000085c00000| Untracked 
|  71|0x0000000085d00000, 0x0000000085d00000, 0x0000000085e00000|  0%| F|  |TAMS 0x0000000085d00000, 0x0000000085d00000| Untracked 
|  72|0x0000000085e00000, 0x0000000085e00000, 0x0000000085f00000|  0%| F|  |TAMS 0x0000000085e00000, 0x0000000085e00000| Untracked 
|  73|0x0000000085f00000, 0x0000000085f00000, 0x0000000086000000|  0%| F|  |TAMS 0x0000000085f00000, 0x0000000085f00000| Untracked 
|  74|0x0000000086000000, 0x0000000086000000, 0x0000000086100000|  0%| F|  |TAMS 0x0000000086000000, 0x0000000086000000| Untracked 
|  75|0x0000000086100000, 0x0000000086100000, 0x0000000086200000|  0%| F|  |TAMS 0x0000000086100000, 0x0000000086100000| Untracked 
|  76|0x0000000086200000, 0x0000000086200000, 0x0000000086300000|  0%| F|  |TAMS 0x0000000086200000, 0x0000000086200000| Untracked 
|  77|0x0000000086300000, 0x0000000086300000, 0x0000000086400000|  0%| F|  |TAMS 0x0000000086300000, 0x0000000086300000| Untracked 
|  78|0x0000000086400000, 0x0000000086400000, 0x0000000086500000|  0%| F|  |TAMS 0x0000000086400000, 0x0000000086400000| Untracked 
|  79|0x0000000086500000, 0x0000000086500000, 0x0000000086600000|  0%| F|  |TAMS 0x0000000086500000, 0x0000000086500000| Untracked 
|  80|0x0000000086600000, 0x0000000086600000, 0x0000000086700000|  0%| F|  |TAMS 0x0000000086600000, 0x0000000086600000| Untracked 
|  81|0x0000000086700000, 0x0000000086700000, 0x0000000086800000|  0%| F|  |TAMS 0x0000000086700000, 0x0000000086700000| Untracked 
|  82|0x0000000086800000, 0x0000000086800000, 0x0000000086900000|  0%| F|  |TAMS 0x0000000086800000, 0x0000000086800000| Untracked 
|  83|0x0000000086900000, 0x0000000086900000, 0x0000000086a00000|  0%| F|  |TAMS 0x0000000086900000, 0x0000000086900000| Untracked 
|  84|0x0000000086a00000, 0x0000000086a00000, 0x0000000086b00000|  0%| F|  |TAMS 0x0000000086a00000, 0x0000000086a00000| Untracked 
|  85|0x0000000086b00000, 0x0000000086b00000, 0x0000000086c00000|  0%| F|  |TAMS 0x0000000086b00000, 0x0000000086b00000| Untracked 
|  86|0x0000000086c00000, 0x0000000086c00000, 0x0000000086d00000|  0%| F|  |TAMS 0x0000000086c00000, 0x0000000086c00000| Untracked 
|  87|0x0000000086d00000, 0x0000000086d00000, 0x0000000086e00000|  0%| F|  |TAMS 0x0000000086d00000, 0x0000000086d00000| Untracked 
|  88|0x0000000086e00000, 0x0000000086e00000, 0x0000000086f00000|  0%| F|  |TAMS 0x0000000086e00000, 0x0000000086e00000| Untracked 
|  89|0x0000000086f00000, 0x0000000086f00000, 0x0000000087000000|  0%| F|  |TAMS 0x0000000086f00000, 0x0000000086f00000| Untracked 
|  90|0x0000000087000000, 0x0000000087000000, 0x0000000087100000|  0%| F|  |TAMS 0x0000000087000000, 0x0000000087000000| Untracked 
|  91|0x0000000087100000, 0x0000000087100000, 0x0000000087200000|  0%| F|  |TAMS 0x0000000087100000, 0x0000000087100000| Untracked 
|  92|0x0000000087200000, 0x0000000087200000, 0x0000000087300000|  0%| F|  |TAMS 0x0000000087200000, 0x0000000087200000| Untracked 
|  93|0x0000000087300000, 0x0000000087300000, 0x0000000087400000|  0%| F|  |TAMS 0x0000000087300000, 0x0000000087300000| Untracked 
|  94|0x0000000087400000, 0x0000000087400000, 0x0000000087500000|  0%| F|  |TAMS 0x0000000087400000, 0x0000000087400000| Untracked 
|  95|0x0000000087500000, 0x0000000087500000, 0x0000000087600000|  0%| F|  |TAMS 0x0000000087500000, 0x0000000087500000| Untracked 
|  96|0x0000000087600000, 0x0000000087600000, 0x0000000087700000|  0%| F|  |TAMS 0x0000000087600000, 0x0000000087600000| Untracked 
|  97|0x0000000087700000, 0x0000000087700000, 0x0000000087800000|  0%| F|  |TAMS 0x0000000087700000, 0x0000000087700000| Untracked 
|  98|0x0000000087800000, 0x0000000087800000, 0x0000000087900000|  0%| F|  |TAMS 0x0000000087800000, 0x0000000087800000| Untracked 
|  99|0x0000000087900000, 0x0000000087900000, 0x0000000087a00000|  0%| F|  |TAMS 0x0000000087900000, 0x0000000087900000| Untracked 
| 100|0x0000000087a00000, 0x0000000087a00000, 0x0000000087b00000|  0%| F|  |TAMS 0x0000000087a00000, 0x0000000087a00000| Untracked 
| 101|0x0000000087b00000, 0x0000000087b00000, 0x0000000087c00000|  0%| F|  |TAMS 0x0000000087b00000, 0x0000000087b00000| Untracked 
| 102|0x0000000087c00000, 0x0000000087c00000, 0x0000000087d00000|  0%| F|  |TAMS 0x0000000087c00000, 0x0000000087c00000| Untracked 
| 103|0x0000000087d00000, 0x0000000087d00000, 0x0000000087e00000|  0%| F|  |TAMS 0x0000000087d00000, 0x0000000087d00000| Untracked 
| 104|0x0000000087e00000, 0x0000000087e00000, 0x0000000087f00000|  0%| F|  |TAMS 0x0000000087e00000, 0x0000000087e00000| Untracked 
| 105|0x0000000087f00000, 0x0000000087f00000, 0x0000000088000000|  0%| F|  |TAMS 0x0000000087f00000, 0x0000000087f00000| Untracked 
| 106|0x0000000088000000, 0x0000000088000000, 0x0000000088100000|  0%| F|  |TAMS 0x0000000088000000, 0x0000000088000000| Untracked 
| 107|0x0000000088100000, 0x0000000088100000, 0x0000000088200000|  0%| F|  |TAMS 0x0000000088100000, 0x0000000088100000| Untracked 
| 108|0x0000000088200000, 0x0000000088200000, 0x0000000088300000|  0%| F|  |TAMS 0x0000000088200000, 0x0000000088200000| Untracked 
| 109|0x0000000088300000, 0x0000000088300000, 0x0000000088400000|  0%| F|  |TAMS 0x0000000088300000, 0x0000000088300000| Untracked 
| 110|0x0000000088400000, 0x0000000088400000, 0x0000000088500000|  0%| F|  |TAMS 0x0000000088400000, 0x0000000088400000| Untracked 
| 111|0x0000000088500000, 0x0000000088500000, 0x0000000088600000|  0%| F|  |TAMS 0x0000000088500000, 0x0000000088500000| Untracked 
| 112|0x0000000088600000, 0x0000000088600000, 0x0000000088700000|  0%| F|  |TAMS 0x0000000088600000, 0x0000000088600000| Untracked 
| 113|0x0000000088700000, 0x0000000088700000, 0x0000000088800000|  0%| F|  |TAMS 0x0000000088700000, 0x0000000088700000| Untracked 
| 114|0x0000000088800000, 0x0000000088800000, 0x0000000088900000|  0%| F|  |TAMS 0x0000000088800000, 0x0000000088800000| Untracked 
| 115|0x0000000088900000, 0x0000000088900000, 0x0000000088a00000|  0%| F|  |TAMS 0x0000000088900000, 0x0000000088900000| Untracked 
| 116|0x0000000088a00000, 0x0000000088a00000, 0x0000000088b00000|  0%| F|  |TAMS 0x0000000088a00000, 0x0000000088a00000| Untracked 
| 117|0x0000000088b00000, 0x0000000088b00000, 0x0000000088c00000|  0%| F|  |TAMS 0x0000000088b00000, 0x0000000088b00000| Untracked 
| 118|0x0000000088c00000, 0x0000000088c00000, 0x0000000088d00000|  0%| F|  |TAMS 0x0000000088c00000, 0x0000000088c00000| Untracked 
| 119|0x0000000088d00000, 0x0000000088d00000, 0x0000000088e00000|  0%| F|  |TAMS 0x0000000088d00000, 0x0000000088d00000| Untracked 
| 120|0x0000000088e00000, 0x0000000088e00000, 0x0000000088f00000|  0%| F|  |TAMS 0x0000000088e00000, 0x0000000088e00000| Untracked 
| 121|0x0000000088f00000, 0x0000000088f00000, 0x0000000089000000|  0%| F|  |TAMS 0x0000000088f00000, 0x0000000088f00000| Untracked 
| 122|0x0000000089000000, 0x0000000089000000, 0x0000000089100000|  0%| F|  |TAMS 0x0000000089000000, 0x0000000089000000| Untracked 
| 123|0x0000000089100000, 0x0000000089100000, 0x0000000089200000|  0%| F|  |TAMS 0x0000000089100000, 0x0000000089100000| Untracked 
| 124|0x0000000089200000, 0x0000000089200000, 0x0000000089300000|  0%| F|  |TAMS 0x0000000089200000, 0x0000000089200000| Untracked 
| 125|0x0000000089300000, 0x0000000089376440, 0x0000000089400000| 46%| E|  |TAMS 0x0000000089300000, 0x0000000089300000| Complete 
| 126|0x0000000089400000, 0x0000000089500000, 0x0000000089500000|100%| E|CS|TAMS 0x0000000089400000, 0x0000000089400000| Complete 
| 127|0x0000000089500000, 0x0000000089600000, 0x0000000089600000|100%| E|CS|TAMS 0x0000000089500000, 0x0000000089500000| Complete 

Card table byte_map: [0x00000166c0780000,0x00000166c0b80000] _byte_map_base: 0x00000166c0375000

Marking Bits (Prev, Next): (CMBitMap*) 0x00000166a9918790, (CMBitMap*) 0x00000166a99187d0
 Prev Bits: [0x00000166c0f80000, 0x00000166c2f28000)
 Next Bits: [0x00000166c2f30000, 0x00000166c4ed8000)

Polling page: 0x00000166a77d0000

Metaspace:

Usage:
  Non-class:      6.45 MB used.
      Class:    632.73 KB used.
       Both:      7.06 MB used.

Virtual space:
  Non-class space:        8.00 MB reserved,       6.50 MB ( 81%) committed,  1 nodes.
      Class space:        1.00 GB reserved,     704.00 KB ( <1%) committed,  1 nodes.
              Both:        1.01 GB reserved,       7.19 MB ( <1%) committed. 

Chunk freelists:
   Non-Class:  1.01 MB
       Class:  3.24 MB
        Both:  4.25 MB

MaxMetaspaceSize: 17179869184.00 GB
CompressedClassSpaceSize: 1.00 GB
 - commit_granule_bytes: 65536.
 - commit_granule_words: 8192.
 - virtual_space_node_default_size: 1048576.
 - enlarge_chunks_in_place: 1.
 - new_chunks_are_fully_committed: 0.
 - uncommit_free_chunks: 1.
 - use_allocation_guard: 0.
 - handle_deallocations: 1.


Internal statistics:

num_allocs_failed_limit: 0.
num_arena_births: 8.
num_arena_deaths: 0.
num_vsnodes_births: 2.
num_vsnodes_deaths: 0.
num_space_committed: 115.
num_space_uncommitted: 0.
num_chunks_returned_to_freelist: 0.
num_chunks_taken_from_freelist: 26.
num_chunk_merges: 0.
num_chunk_splits: 8.
num_chunks_enlarged: 2.
num_purges: 0.

CodeHeap 'non-profiled nmethods': size=120000Kb used=68Kb max_used=68Kb free=119931Kb
 bounds [0x00000166b8b20000, 0x00000166b8d90000, 0x00000166c0050000]
CodeHeap 'profiled nmethods': size=120000Kb used=233Kb max_used=233Kb free=119766Kb
 bounds [0x00000166b15f0000, 0x00000166b1860000, 0x00000166b8b20000]
CodeHeap 'non-nmethods': size=5760Kb used=1100Kb max_used=1114Kb free=4659Kb
 bounds [0x00000166b1050000, 0x00000166b12c0000, 0x00000166b15f0000]
 total_blobs=589 nmethods=220 adapters=282
 compilation: enabled
              stopped_count=0, restarted_count=0
 full_count=0

Compilation events (20 events):
Event: 0.139 Thread 0x00000166c79597e0 nmethod 159 0x00000166b8b2c910 code [0x00000166b8b2caa0, 0x00000166b8b2cb78]
Event: 0.139 Thread 0x00000166c79597e0  176       1       java.lang.module.ModuleDescriptor$Provides::service (5 bytes)
Event: 0.139 Thread 0x00000166c79597e0 nmethod 176 0x00000166b8b2cc10 code [0x00000166b8b2cda0, 0x00000166b8b2ce78]
Event: 0.139 Thread 0x00000166c79597e0  172       1       java.lang.module.ResolvedModule::configuration (5 bytes)
Event: 0.140 Thread 0x00000166c79597e0 nmethod 172 0x00000166b8b2cf10 code [0x00000166b8b2d0a0, 0x00000166b8b2d178]
Event: 0.140 Thread 0x00000166c79597e0  152       1       java.lang.module.ModuleDescriptor::uses (5 bytes)
Event: 0.140 Thread 0x00000166c79597e0 nmethod 152 0x00000166b8b2d210 code [0x00000166b8b2d3a0, 0x00000166b8b2d478]
Event: 0.140 Thread 0x00000166c79597e0  174       3       java.util.AbstractSet::<init> (5 bytes)
Event: 0.140 Thread 0x00000166c79597e0 nmethod 174 0x00000166b161cd90 code [0x00000166b161cf40, 0x00000166b161d0f8]
Event: 0.140 Thread 0x00000166c79597e0  153       1       java.util.HashMap$Node::getValue (5 bytes)
Event: 0.141 Thread 0x00000166c79597e0 nmethod 153 0x00000166b8b2d510 code [0x00000166b8b2d6a0, 0x00000166b8b2d778]
Event: 0.141 Thread 0x00000166c79597e0  173       1       java.lang.module.ModuleDescriptor::isOpen (5 bytes)
Event: 0.142 Thread 0x00000166c79597e0 nmethod 173 0x00000166b8b2d810 code [0x00000166b8b2d9a0, 0x00000166b8b2da78]
Event: 0.142 Thread 0x00000166c79597e0  175       1       java.util.HashMap::size (5 bytes)
Event: 0.142 Thread 0x00000166c85aa010 nmethod 154 0x00000166b8b2db10 code [0x00000166b8b2dca0, 0x00000166b8b2dd78]
Event: 0.142 Thread 0x00000166c85aa010  167       4       java.lang.String::equals (50 bytes)
Event: 0.142 Thread 0x00000166c79597e0 nmethod 175 0x00000166b8b2de10 code [0x00000166b8b2dfa0, 0x00000166b8b2e078]
Event: 0.142 Thread 0x00000166c79597e0  166       1       java.lang.module.ModuleDescriptor$Version::toString (5 bytes)
Event: 0.142 Thread 0x00000166c79597e0 nmethod 166 0x00000166b8b2e110 code [0x00000166b8b2e2a0, 0x00000166b8b2e378]
Event: 0.143 Thread 0x00000166c85aa010 nmethod 167 0x00000166b8b2e410 code [0x00000166b8b2e5a0, 0x00000166b8b2e778]

GC Heap History (0 events):
No events

Deoptimization events (0 events):
No events

Classes unloaded (0 events):
No events

Classes redefined (0 events):
No events

Internal exceptions (3 events):
Event: 0.124 Thread 0x00000166a98d83f0 Exception <a 'sun/nio/fs/WindowsException'{0x0000000089445508}> (0x0000000089445508) 
thrown [t:\workspace\open\src\hotspot\share\prims\jni.cpp, line 579]
Event: 0.125 Thread 0x00000166a98d83f0 Exception <a 'sun/nio/fs/WindowsException'{0x0000000089445b58}> (0x0000000089445b58) 
thrown [t:\workspace\open\src\hotspot\share\prims\jni.cpp, line 579]
Event: 0.126 Thread 0x00000166a98d83f0 Exception <a 'sun/nio/fs/WindowsException'{0x0000000089448490}> (0x0000000089448490) 
thrown [t:\workspace\open\src\hotspot\share\prims\jni.cpp, line 579]

Events (20 events):
Event: 0.145 loading class java/lang/StringCoding done
Event: 0.146 loading class java/lang/StringCoding$1
Event: 0.146 loading class java/lang/StringCoding$1 done
Event: 0.146 loading class java/lang/StringCoding$StringDecoder
Event: 0.146 loading class java/lang/StringCoding$StringDecoder done
Event: 0.146 loading class sun/nio/cs/SingleByte$Decoder
Event: 0.146 loading class sun/nio/cs/ArrayDecoder
Event: 0.146 loading class sun/nio/cs/ArrayDecoder done
Event: 0.146 loading class java/nio/charset/CharsetDecoder
Event: 0.146 loading class java/nio/charset/CharsetDecoder done
Event: 0.146 loading class sun/nio/cs/SingleByte$Decoder done
Event: 0.146 loading class java/lang/StringCoding$Result
Event: 0.146 loading class java/lang/StringCoding$Result done
Event: 0.146 loading class sun/net/util/URLUtil
Event: 0.146 loading class sun/net/util/URLUtil done
Event: 0.146 loading class jdk/internal/loader/URLClassPath$3
Event: 0.146 loading class java/security/PrivilegedExceptionAction
Event: 0.146 loading class java/security/PrivilegedExceptionAction done
Event: 0.146 loading class jdk/internal/loader/URLClassPath$3 done
Event: 0.146 loading class jdk/internal/loader/URLClassPath$FileLoader


Dynamic libraries:
0x00007ff761e70000 - 0x00007ff761e80000 	C:\Program Files\Java\jdk-16\bin\java.exe
0x00007ff8d77f0000 - 0x00007ff8d79e5000 	C:\Windows\SYSTEM32\ntdll.dll
0x00007ff8d5a40000 - 0x00007ff8d5afd000 	C:\Windows\System32\KERNEL32.DLL
0x00007ff8d53b0000 - 0x00007ff8d5678000 	C:\Windows\System32\KERNELBASE.dll
0x00007ff8d5680000 - 0x00007ff8d5780000 	C:\Windows\System32\ucrtbase.dll
0x00007ff8cb7a0000 - 0x00007ff8cb7b8000 	C:\Program Files\Java\jdk-16\bin\jli.dll
0x00007ff8cfd70000 - 0x00007ff8cfd89000 	C:\Program Files\Java\jdk-16\bin\VCRUNTIME140.dll
0x00007ff8d75d0000 - 0x00007ff8d767c000 	C:\Windows\System32\ADVAPI32.dll
0x00007ff8d5870000 - 0x00007ff8d590e000 	C:\Windows\System32\msvcrt.dll
0x00007ff8d74c0000 - 0x00007ff8d755b000 	C:\Windows\System32\sechost.dll
0x00007ff8d6e70000 - 0x00007ff8d6f9b000 	C:\Windows\System32\RPCRT4.dll
0x00007ff8d61b0000 - 0x00007ff8d6350000 	C:\Windows\System32\USER32.dll
0x00007ff8d5780000 - 0x00007ff8d57a2000 	C:\Windows\System32\win32u.dll
0x00007ff8d6e40000 - 0x00007ff8d6e6a000 	C:\Windows\System32\GDI32.dll
0x00007ff8b4b30000 - 0x00007ff8b4dca000 	C:\Windows\WinSxS\amd64_microsoft.windows.common-controls_6595b64144ccf1df_6.0.19041.1052_none_60b8f8fd71f5e8cb\COMCTL32.dll
0x00007ff8d5020000 - 0x00007ff8d512b000 	C:\Windows\System32\gdi32full.dll
0x00007ff8d5180000 - 0x00007ff8d521d000 	C:\Windows\System32\msvcp_win.dll
0x00007ff8cf010000 - 0x00007ff8cf01a000 	C:\Windows\SYSTEM32\VERSION.dll
0x00007ff8d73e0000 - 0x00007ff8d7410000 	C:\Windows\System32\IMM32.DLL
0x00007ff8cfd60000 - 0x00007ff8cfd6c000 	C:\Program Files\Java\jdk-16\bin\vcruntime140_1.dll
0x00007ff8a21a0000 - 0x00007ff8a2231000 	C:\Program Files\Java\jdk-16\bin\msvcp140.dll
0x00007ff87bf70000 - 0x00007ff87cb1b000 	C:\Program Files\Java\jdk-16\bin\server\jvm.dll
0x00007ff8d5a30000 - 0x00007ff8d5a38000 	C:\Windows\System32\PSAPI.DLL
0x00007ff8b6700000 - 0x00007ff8b6709000 	C:\Windows\SYSTEM32\WSOCK32.dll
0x00007ff8c6a30000 - 0x00007ff8c6a57000 	C:\Windows\SYSTEM32\WINMM.dll
0x00007ff8d7560000 - 0x00007ff8d75cb000 	C:\Windows\System32\WS2_32.dll
0x00007ff8d3800000 - 0x00007ff8d3812000 	C:\Windows\SYSTEM32\kernel.appcore.dll
0x00007ff8cb4c0000 - 0x00007ff8cb4ca000 	C:\Program Files\Java\jdk-16\bin\jimage.dll
0x00007ff8d0860000 - 0x00007ff8d0a44000 	C:\Windows\SYSTEM32\DBGHELP.DLL
0x00007ff8cd0e0000 - 0x00007ff8cd10c000 	C:\Windows\SYSTEM32\dbgcore.DLL
0x00007ff8d4f90000 - 0x00007ff8d5013000 	C:\Windows\System32\bcryptPrimitives.dll
0x00007ff8caef0000 - 0x00007ff8caf15000 	C:\Program Files\Java\jdk-16\bin\java.dll
0x00007ff8d6350000 - 0x00007ff8d6a8f000 	C:\Windows\System32\SHELL32.dll
0x00007ff8d2df0000 - 0x00007ff8d3580000 	C:\Windows\SYSTEM32\windows.storage.dll
0x00007ff8d6fa0000 - 0x00007ff8d72f5000 	C:\Windows\System32\combase.dll
0x00007ff8d49a0000 - 0x00007ff8d49cc000 	C:\Windows\SYSTEM32\Wldp.dll
0x00007ff8d60a0000 - 0x00007ff8d614e000 	C:\Windows\System32\SHCORE.dll
0x00007ff8d7750000 - 0x00007ff8d77a5000 	C:\Windows\System32\shlwapi.dll
0x00007ff8d4e70000 - 0x00007ff8d4e8f000 	C:\Windows\SYSTEM32\profapi.dll
0x00007ff8c9990000 - 0x00007ff8c99a9000 	C:\Program Files\Java\jdk-16\bin\net.dll
0x00007ff8c5a10000 - 0x00007ff8c5b1b000 	C:\Windows\SYSTEM32\WINHTTP.dll
0x00007ff8d4710000 - 0x00007ff8d477a000 	C:\Windows\system32\mswsock.dll
0x00007ff8c5330000 - 0x00007ff8c5343000 	C:\Program Files\Java\jdk-16\bin\nio.dll
0x00007ff8c1e20000 - 0x00007ff8c1e38000 	C:\Program Files\Java\jdk-16\bin\zip.dll

dbghelp: loaded successfully - version: 4.0.5 - missing functions: none
symbol engine: initialized successfully - sym options: 0x614 - pdb path: .;C:\Program Files\Java\jdk-16\bin;C:\Windows\SYSTEM32;C:\Windows\WinSxS\amd64_microsoft.windows.common-controls_6595b64144ccf1df_6.0.19041.1052_none_60b8f8fd71f5e8cb;C:\Program Files\Java\jdk-16\bin\server

VM Arguments:
jvm_args: -Dfile.encoding=UTF-8 --module-path=C:\Users\Raushan\OneDrive - Graphic Era University\Documents\NetBeansProjects\Hotel Management System\build\classes 
java_command: hotel.management.system.AddRooms
java_class_path (initial): C:\Program Files\MySQL\Connector ODBC 8.0;C:\Users\Raushan\Downloads\Compressed\mysql-connector-java-8.0.24\mysql-connector-java-8.0.24.jar;C:\Users\Raushan\OneDrive - Graphic Era University\Documents\NetBeansProjects\Hotel Management System\build\classes
Launcher Type: SUN_STANDARD

[Global flags]
     intx CICompilerCount                          = 4                                         {product} {ergonomic}
     uint ConcGCThreads                            = 2                                         {product} {ergonomic}
     uint G1ConcRefinementThreads                  = 8                                         {product} {ergonomic}
   size_t G1HeapRegionSize                         = 1048576                                   {product} {ergonomic}
    uintx GCDrainStackTargetSize                   = 64                                        {product} {ergonomic}
   size_t InitialHeapSize                          = 134217728                                 {product} {ergonomic}
   size_t MarkStackSize                            = 4194304                                   {product} {ergonomic}
   size_t MaxHeapSize                              = 2124414976                                {product} {ergonomic}
   size_t MaxNewSize                               = 1274019840                                {product} {ergonomic}
   size_t MinHeapDeltaBytes                        = 1048576                                   {product} {ergonomic}
   size_t MinHeapSize                              = 8388608                                   {product} {ergonomic}
    uintx NonNMethodCodeHeapSize                   = 5839372                                {pd product} {ergonomic}
    uintx NonProfiledCodeHeapSize                  = 122909434                              {pd product} {ergonomic}
    uintx ProfiledCodeHeapSize                     = 122909434                              {pd product} {ergonomic}
    uintx ReservedCodeCacheSize                    = 251658240                              {pd product} {ergonomic}
     bool SegmentedCodeCache                       = true                                      {product} {ergonomic}
   size_t SoftMaxHeapSize                          = 2124414976                             {manageable} {ergonomic}
     bool UseCompressedClassPointers               = true                           {product lp64_product} {ergonomic}
     bool UseCompressedOops                        = true                           {product lp64_product} {ergonomic}
     bool UseG1GC                                  = true                                      {product} {ergonomic}
     bool UseLargePagesIndividualAllocation        = false                                  {pd product} {ergonomic}

Logging:
Log output configuration:
 #0: stdout all=warning uptime,level,tags
 #1: stderr all=off uptime,level,tags

Environment Variables:
PATH=C:\Users\Raushan\Downloads\Compressed\WINDOWS.X64_193000_db_home\bin;C:\Program Files\Common Files\Oracle\Java\javapath;C:\Windows\system32;C:\Windows;C:\Windows\System32\Wbem;C:\Windows\System32\WindowsPowerShell\v1.0\;C:\Windows\System32\OpenSSH\;C:\Program Files\Git\cmd;C:\Program Files\MySQL\MySQL Shell 8.0\bin\;C:\Users\Raushan\AppData\Local\Microsoft\WindowsApps;
USERNAME=Raushan
OS=Windows_NT
PROCESSOR_IDENTIFIER=Intel64 Family 6 Model 142 Stepping 10, GenuineIntel



---------------  S Y S T E M  ---------------

OS:
 Windows 10 , 64 bit Build 19041 (10.0.19041.1023)
OS uptime: 1 days 1:29 hours

CPU: total 8 (initial active 8) (4 cores per cpu, 2 threads per core) family 6 model 142 stepping 10 microcode 0xe0, cx8, cmov, fxsr, ht, mmx, 3dnowpref, sse, sse2, sse3, ssse3, sse4.1, sse4.2, popcnt, lzcnt, tsc, tscinvbit, avx, avx2, aes, erms, clmul, bmi1, bmi2, adx, fma, vzeroupper, clflush, clflushopt

Memory: 4k page, system-wide physical 8100M (1520M free)
TotalPageFile size 32676M (AvailPageFile size 3M)
current process WorkingSet (physical memory assigned to process): 33M, peak: 33M
current process commit charge ("private bytes"): 207M, peak: 207M

vm_info: Java HotSpot(TM) 64-Bit Server VM (16+36-2231) for windows-amd64 JRE (16+36-2231), built on Feb  8 2021 11:43:10 by "mach5one" with MS VC++ 16.7 (VS2019)

END.
